2024-11-08 10:52:45,458 INFO o.a.j.u.JMeterUtils: Setting Locale to en_EN
2024-11-08 10:52:45,573 INFO o.a.j.JMeter: Loading user properties from: user.properties
2024-11-08 10:52:45,575 INFO o.a.j.JMeter: Loading system properties from: system.properties
2024-11-08 10:52:45,610 INFO o.a.j.JMeter: Copyright (c) 1998-2024 The Apache Software Foundation
2024-11-08 10:52:45,611 INFO o.a.j.JMeter: Version 5.6.3
2024-11-08 10:52:45,611 INFO o.a.j.JMeter: java.version=1.8.0_431
2024-11-08 10:52:45,611 INFO o.a.j.JMeter: java.vm.name=Java HotSpot(TM) Client VM
2024-11-08 10:52:45,611 INFO o.a.j.JMeter: os.name=Windows 11
2024-11-08 10:52:45,611 INFO o.a.j.JMeter: os.arch=x86
2024-11-08 10:52:45,611 INFO o.a.j.JMeter: os.version=10.0
2024-11-08 10:52:45,611 INFO o.a.j.JMeter: file.encoding=Cp1252
2024-11-08 10:52:45,611 INFO o.a.j.JMeter: java.awt.headless=null
2024-11-08 10:52:45,611 INFO o.a.j.JMeter: Max memory     =1073741824
2024-11-08 10:52:45,611 INFO o.a.j.JMeter: Available Processors =2
2024-11-08 10:52:45,631 INFO o.a.j.JMeter: Default Locale=English (EN)
2024-11-08 10:52:45,632 INFO o.a.j.JMeter: JMeter  Locale=English (EN)
2024-11-08 10:52:45,632 INFO o.a.j.JMeter: JMeterHome=C:\Users\malia01\OneDrive - H.B. Fuller Company\Desktop\apache-jmeter-5.6.3\apache-jmeter-5.6.3
2024-11-08 10:52:45,632 INFO o.a.j.JMeter: user.dir  =C:\Users\malia01\OneDrive - H.B. Fuller Company\Desktop\apache-jmeter-5.6.3\apache-jmeter-5.6.3\bin
2024-11-08 10:52:45,632 INFO o.a.j.JMeter: PWD       =C:\Users\malia01\OneDrive - H.B. Fuller Company\Desktop\apache-jmeter-5.6.3\apache-jmeter-5.6.3\bin
2024-11-08 10:52:45,648 INFO o.a.j.JMeter: IP: 10.156.61.4 Name: AVD-e410 FullName: 10.156.61.4
2024-11-08 10:52:45,791 INFO o.a.j.JMeter: Loaded icon properties from org/apache/jmeter/images/icon.properties
2024-11-08 10:52:46,560 INFO o.a.j.JMeterGuiLauncher: Setting LAF to: com.github.weisj.darklaf.DarkLaf:com.github.weisj.darklaf.theme.DarculaTheme
2024-11-08 10:54:42,410 INFO o.a.j.s.FileServer: Default base='C:\Users\malia01\OneDrive - H.B. Fuller Company\Desktop\apache-jmeter-5.6.3\apache-jmeter-5.6.3\bin'
2024-11-08 10:54:42,413 INFO o.a.j.g.a.Load: Loading file: C:\Users\malia01\OneDrive - H.B. Fuller Company\Desktop\apache-jmeter-5.6.3\apache-jmeter-5.6.3\TestDemo\Nov07SessionId.jmx
2024-11-08 10:54:42,413 INFO o.a.j.s.FileServer: Set new base='C:\Users\malia01\OneDrive - H.B. Fuller Company\Desktop\apache-jmeter-5.6.3\apache-jmeter-5.6.3\TestDemo'
2024-11-08 10:54:42,901 INFO o.a.j.s.SaveService: Testplan (JMX) version: 2.2. Testlog (JTL) version: 2.2
2024-11-08 10:54:43,052 INFO o.a.j.s.SaveService: Using SaveService properties file encoding UTF-8
2024-11-08 10:54:43,053 INFO o.a.j.s.SaveService: Using SaveService properties version 5.0
2024-11-08 10:54:43,055 INFO o.a.j.s.SaveService: Loading file: C:\Users\malia01\OneDrive - H.B. Fuller Company\Desktop\apache-jmeter-5.6.3\apache-jmeter-5.6.3\TestDemo\Nov07SessionId.jmx
2024-11-08 10:54:43,139 INFO o.a.j.p.h.c.CookieManager: Settings: Delete null: true Check: true Allow variable: true Save: false Prefix: COOKIE_
2024-11-08 10:54:43,696 INFO o.a.j.e.KeyToolUtils: keytool found at 'keytool'
2024-11-08 10:54:43,697 INFO o.a.j.p.h.p.ProxyControl: HTTP(S) Test Script Recorder SSL Proxy will use keys that support embedded 3rd party resources in file C:\Users\malia01\OneDrive - H.B. Fuller Company\Desktop\apache-jmeter-5.6.3\apache-jmeter-5.6.3\bin\proxyserver.jks
2024-11-08 10:54:43,708 INFO o.a.j.p.h.s.HTTPSamplerBase: Parser for text/html is org.apache.jmeter.protocol.http.parser.LagartoBasedHtmlParser
2024-11-08 10:54:43,708 INFO o.a.j.p.h.s.HTTPSamplerBase: Parser for application/xhtml+xml is org.apache.jmeter.protocol.http.parser.LagartoBasedHtmlParser
2024-11-08 10:54:43,708 INFO o.a.j.p.h.s.HTTPSamplerBase: Parser for application/xml is org.apache.jmeter.protocol.http.parser.LagartoBasedHtmlParser
2024-11-08 10:54:43,708 INFO o.a.j.p.h.s.HTTPSamplerBase: Parser for text/xml is org.apache.jmeter.protocol.http.parser.LagartoBasedHtmlParser
2024-11-08 10:54:43,708 INFO o.a.j.p.h.s.HTTPSamplerBase: Parser for text/vnd.wap.wml is org.apache.jmeter.protocol.http.parser.RegexpHTMLParser
2024-11-08 10:54:43,708 INFO o.a.j.p.h.s.HTTPSamplerBase: Parser for text/css is org.apache.jmeter.protocol.http.parser.CssParser
2024-11-08 10:54:44,264 INFO o.a.j.s.SampleResult: Note: Sample TimeStamps are START times
2024-11-08 10:54:44,264 INFO o.a.j.s.SampleResult: sampleresult.default.encoding is set to UTF-8
2024-11-08 10:54:44,264 INFO o.a.j.s.SampleResult: sampleresult.useNanoTime=true
2024-11-08 10:54:44,264 INFO o.a.j.s.SampleResult: sampleresult.nanoThreadSleep=5000
2024-11-08 10:54:45,966 INFO o.a.j.s.FileServer: Set new base='C:\Users\malia01\OneDrive - H.B. Fuller Company\Desktop\apache-jmeter-5.6.3\apache-jmeter-5.6.3\TestDemo'
2024-11-08 10:56:41,126 INFO o.a.j.e.StandardJMeterEngine: Running the test!
2024-11-08 10:56:41,127 INFO o.a.j.s.SampleEvent: List of sample_variables: []
2024-11-08 10:56:41,127 INFO o.a.j.s.SampleEvent: List of sample_variables: []
2024-11-08 10:56:41,129 INFO o.a.j.e.u.CompoundVariable: Note: Function class names must contain the string: '.functions.'
2024-11-08 10:56:41,129 INFO o.a.j.e.u.CompoundVariable: Note: Function class names must not contain the string: '.gui.'
2024-11-08 10:56:41,915 INFO o.a.j.g.u.JMeterMenuBar: setRunning(true, *local*)
2024-11-08 10:56:42,083 INFO o.a.j.e.StandardJMeterEngine: Starting ThreadGroup: 1 : Thread Group
2024-11-08 10:56:42,083 INFO o.a.j.e.StandardJMeterEngine: Starting 1 threads for group Thread Group.
2024-11-08 10:56:42,083 INFO o.a.j.e.StandardJMeterEngine: Thread will continue on error
2024-11-08 10:56:42,083 INFO o.a.j.t.ThreadGroup: Starting thread group... number=1 threads=1 ramp-up=1 delayedStart=false
2024-11-08 10:56:42,087 INFO o.a.j.t.ThreadGroup: Started thread group number 1
2024-11-08 10:56:42,087 INFO o.a.j.e.StandardJMeterEngine: All thread groups have been started
2024-11-08 10:56:42,087 INFO o.a.j.t.JMeterThread: Thread started: Thread Group 1-1
2024-11-08 10:56:42,089 INFO o.a.j.t.JMeterThread: Thread is done: Thread Group 1-1
2024-11-08 10:56:42,089 INFO o.a.j.t.JMeterThread: Thread finished: Thread Group 1-1
2024-11-08 10:56:42,089 INFO o.a.j.e.StandardJMeterEngine: Notifying test listeners of end of test
2024-11-08 10:56:42,090 INFO o.a.j.g.u.JMeterMenuBar: setRunning(false, *local*)
2024-11-08 10:57:15,576 INFO o.a.j.e.StandardJMeterEngine: Running the test!
2024-11-08 10:57:15,576 INFO o.a.j.s.SampleEvent: List of sample_variables: []
2024-11-08 10:57:15,595 INFO o.a.j.g.u.JMeterMenuBar: setRunning(true, *local*)
2024-11-08 10:57:15,731 INFO o.a.j.e.StandardJMeterEngine: Starting ThreadGroup: 1 : Thread Group
2024-11-08 10:57:15,731 INFO o.a.j.e.StandardJMeterEngine: Starting 1 threads for group Thread Group.
2024-11-08 10:57:15,731 INFO o.a.j.e.StandardJMeterEngine: Thread will continue on error
2024-11-08 10:57:15,732 INFO o.a.j.t.ThreadGroup: Starting thread group... number=1 threads=1 ramp-up=1 delayedStart=false
2024-11-08 10:57:15,737 INFO o.a.j.t.ThreadGroup: Started thread group number 1
2024-11-08 10:57:15,737 INFO o.a.j.e.StandardJMeterEngine: All thread groups have been started
2024-11-08 10:57:15,741 INFO o.a.j.t.JMeterThread: Thread started: Thread Group 1-1
2024-11-08 10:57:15,800 INFO o.a.j.p.h.s.HTTPHCAbstractImpl: Local host = AVD-e410
2024-11-08 10:57:15,806 INFO o.a.j.p.h.s.HTTPHC4Impl: HTTP request retry count = 0
2024-11-08 10:57:16,097 INFO o.a.j.p.h.s.h.LazyLayeredConnectionSocketFactory: Setting up HTTPS TrustAll Socket Factory
2024-11-08 10:57:16,107 INFO o.a.j.u.JsseSSLManager: Using default SSL protocol: TLS
2024-11-08 10:57:16,107 INFO o.a.j.u.JsseSSLManager: SSL session context: per-thread
2024-11-08 10:57:17,104 INFO o.a.j.u.SSLManager: JmeterKeyStore Location:  type JKS
2024-11-08 10:57:17,107 INFO o.a.j.u.SSLManager: KeyStore created OK
2024-11-08 10:57:17,107 WARN o.a.j.u.SSLManager: Keystore file not found, loading empty keystore
2024-11-08 10:57:24,858 INFO o.a.j.t.JMeterThread: Thread is done: Thread Group 1-1
2024-11-08 10:57:24,858 INFO o.a.j.t.JMeterThread: Thread finished: Thread Group 1-1
2024-11-08 10:57:24,864 INFO o.a.j.e.StandardJMeterEngine: Notifying test listeners of end of test
2024-11-08 10:57:24,865 INFO o.a.j.g.u.JMeterMenuBar: setRunning(false, *local*)
2024-11-08 11:21:09,042 INFO o.a.j.g.a.t.TemplateManager: Reading templates from: C:\Users\malia01\OneDrive - H.B. Fuller Company\Desktop\apache-jmeter-5.6.3\apache-jmeter-5.6.3\bin\templates\templates.xml
2024-11-08 11:22:08,097 INFO o.a.j.g.a.Load: Loading file: C:\Users\malia01\AppData\Local\Temp\Recording3107729647501706406.output
2024-11-08 11:22:08,097 INFO o.a.j.s.SaveService: Loading file: C:\Users\malia01\AppData\Local\Temp\Recording3107729647501706406.output
2024-11-08 11:22:23,333 INFO o.a.j.p.h.p.ProxyControl: Valid alias found for :root_ca:
2024-11-08 11:22:23,333 INFO o.a.j.p.h.p.ProxyControl: Valid alias found for :intermediate_ca:
2024-11-08 11:22:23,337 INFO o.a.j.p.h.p.Daemon: Creating Daemon Socket on port: 9090
2024-11-08 11:22:23,348 INFO o.a.j.p.h.p.Daemon: Test Script Recorder up and running!
2024-11-08 11:24:29,153 INFO o.a.j.p.h.p.Daemon: HTTP(S) Test Script Recorder stopped
2024-11-08 11:25:50,404 INFO o.a.j.p.h.p.ProxyControl: Valid alias found for :root_ca:
2024-11-08 11:25:50,405 INFO o.a.j.p.h.p.ProxyControl: Valid alias found for :intermediate_ca:
2024-11-08 11:25:50,407 INFO o.a.j.p.h.p.Daemon: Creating Daemon Socket on port: 9090
2024-11-08 11:25:50,408 INFO o.a.j.p.h.p.Daemon: Test Script Recorder up and running!
2024-11-08 11:26:08,631 INFO o.a.j.p.h.p.Proxy: Proxy will remove the headers: If-Modified-Since,If-None-Match,Host
2024-11-08 11:26:08,682 INFO o.a.j.p.h.p.Proxy: [52521]  KeyStore for SSL loaded OK and put host 'clientservices.googleapis.com' in map with key (clientservices.googleapis.com)
2024-11-08 11:26:08,760 INFO o.a.j.p.h.p.Proxy: [52522]  KeyStore for SSL loaded OK and put host 'accounts.google.com' in map with key (accounts.google.com)
2024-11-08 11:26:08,785 INFO o.a.j.p.h.p.Proxy: [52527]  KeyStore for SSL loaded OK and put host 'www.google.com' in map with key (www.google.com)
2024-11-08 11:26:09,559 INFO o.a.j.p.h.p.ProxyControl: Add sample Applaunch-5 into controller Applaunch
2024-11-08 11:26:09,569 INFO o.a.j.p.h.p.ProxyControl: Add sample Applaunch-4 into controller Applaunch
2024-11-08 11:26:09,588 INFO o.a.j.p.h.p.ProxyControl: Add sample Applaunch-3 into controller Applaunch
2024-11-08 11:26:09,597 INFO o.a.j.p.h.p.ProxyControl: Add sample Applaunch-7 into controller Applaunch
2024-11-08 11:26:09,603 INFO o.a.j.p.h.p.ProxyControl: Add sample Applaunch-1 into controller Applaunch
2024-11-08 11:26:09,609 INFO o.a.j.p.h.p.ProxyControl: Add sample Applaunch-6 into controller Applaunch
2024-11-08 11:26:09,939 INFO o.a.j.p.h.p.Proxy: [52537]  KeyStore for SSL loaded OK and put host 'lwa-global-eastus-hbf-ai1-ui.azurewebsites.net' in map with key (lwa-global-eastus-hbf-ai1-ui.azurewebsites.net)
2024-11-08 11:26:10,338 INFO o.a.j.p.h.p.Proxy: [52538]  KeyStore for SSL loaded OK and put host 'google-ohttp-relay-safebrowsing.fastly-edge.com' in map with key (google-ohttp-relay-safebrowsing.fastly-edge.com)
2024-11-08 11:26:10,356 INFO o.a.j.p.h.p.Proxy: [52540]  KeyStore for SSL loaded OK and put host 'update.googleapis.com' in map with key (update.googleapis.com)
2024-11-08 11:26:10,393 INFO o.a.j.p.h.p.ProxyControl: Add sample Applaunch-8 into controller Applaunch
2024-11-08 11:26:10,703 INFO o.a.j.p.h.p.Proxy: [52546]  KeyStore for SSL loaded OK and put host 'login.windows.net' in map with key (login.windows.net)
2024-11-08 11:26:10,815 INFO o.a.j.p.h.p.Proxy: [52548]  KeyStore for SSL loaded OK and put host 'us-v10c.events.data.microsoft.com' in map with key (us-v10c.events.data.microsoft.com)
2024-11-08 11:26:10,898 INFO o.a.j.p.h.p.ProxyControl: Add sample Applaunch-9 into controller Applaunch
2024-11-08 11:26:10,988 INFO o.a.j.p.h.p.ProxyControl: Add sample Applaunch-10 into controller Applaunch
2024-11-08 11:26:11,076 WARN o.a.j.p.h.p.Proxy: [52548]  Empty response to http over SSL. Probably waiting for user to authorize the certificate for us-v10c.events.data.microsoft.com:443
2024-11-08 11:26:11,122 INFO o.a.j.p.h.p.Proxy: [52555]  KeyStore for SSL loaded OK and put host 'login.microsoftonline.com' in map with key (login.microsoftonline.com)
2024-11-08 11:26:11,248 INFO o.a.j.p.h.p.Proxy: [52556]  KeyStore for SSL loaded OK and put host 'self.events.data.microsoft.com' in map with key (self.events.data.microsoft.com)
2024-11-08 11:26:11,289 INFO o.a.j.p.h.p.ProxyControl: Add sample Applaunch-11 into controller Applaunch
2024-11-08 11:26:11,781 INFO o.a.j.p.h.p.ProxyControl: Add sample Applaunch-12 into controller Applaunch
2024-11-08 11:26:11,792 INFO o.a.j.p.h.p.ProxyControl: Add sample Applaunch-13 into controller Applaunch
2024-11-08 11:26:12,362 INFO o.a.j.p.h.p.Proxy: [56487]  KeyStore for SSL loaded OK and put host 'aadcdn.msauth.net' in map with key (aadcdn.msauth.net)
2024-11-08 11:26:12,615 INFO o.a.j.p.h.p.Proxy: [56488]  KeyStore for SSL loaded OK and put host 'login.live.com' in map with key (login.live.com)
2024-11-08 11:26:12,719 INFO o.a.j.p.h.p.ProxyControl: Add sample Applaunch-14 into controller Applaunch
2024-11-08 11:26:12,751 INFO o.a.j.p.h.p.Proxy: [56489]  KeyStore for SSL loaded OK and put host 'autologon.microsoftazuread-sso.com' in map with key (autologon.microsoftazuread-sso.com)
2024-11-08 11:26:13,747 INFO o.a.j.p.h.p.ProxyControl: Add sample Applaunch-17 into controller Applaunch
2024-11-08 11:26:13,759 INFO o.a.j.p.h.p.ProxyControl: Add sample Applaunch-16 into controller Applaunch
2024-11-08 11:26:14,107 INFO o.a.j.p.h.p.ProxyControl: Add sample Applaunch-18 into controller Applaunch
2024-11-08 11:26:14,116 WARN o.a.j.p.h.p.Proxy: [60686]  Empty response to http over SSL. Probably waiting for user to authorize the certificate for us-v10c.events.data.microsoft.com:443
2024-11-08 11:26:14,312 INFO o.a.j.p.h.p.Proxy: [60689]  KeyStore for SSL loaded OK and put host 'array519.prod.do.dsp.mp.microsoft.com' in map with key (array519.prod.do.dsp.mp.microsoft.com)
2024-11-08 11:26:14,363 INFO o.a.j.p.h.p.ProxyControl: Add sample Applaunch-19 into controller Applaunch
2024-11-08 11:26:14,480 INFO o.a.j.p.h.p.ProxyControl: [60692]  Creating entry array516.prod.do.dsp.mp.microsoft.com in C:\Users\malia01\OneDrive - H.B. Fuller Company\Desktop\apache-jmeter-5.6.3\apache-jmeter-5.6.3\bin\proxyserver.jks
2024-11-08 11:26:14,619 INFO o.a.j.p.h.p.ProxyControl: Add sample Applaunch-21 into controller Applaunch
2024-11-08 11:26:14,778 INFO o.a.j.p.h.p.ProxyControl: Add sample Applaunch-20 into controller Applaunch
2024-11-08 11:26:15,094 INFO o.a.j.p.h.p.ProxyControl: Add sample Applaunch-22 into controller Applaunch
2024-11-08 11:26:15,648 INFO o.a.j.p.h.p.Proxy: [60699]  KeyStore for SSL loaded OK and put host 'optimizationguide-pa.googleapis.com' in map with key (optimizationguide-pa.googleapis.com)
2024-11-08 11:26:15,906 INFO o.a.j.p.h.p.ProxyControl: Add sample Applaunch-23 into controller Applaunch
2024-11-08 11:26:16,197 INFO o.a.j.p.h.p.ProxyControl: Add sample Applaunch-25 into controller Applaunch
2024-11-08 11:26:16,261 INFO o.a.j.p.h.p.ProxyControl: Add sample Applaunch-24 into controller Applaunch
2024-11-08 11:26:17,272 INFO o.a.j.p.h.p.ProxyControl: Add sample Applaunch-27 into controller Applaunch
2024-11-08 11:26:17,614 INFO o.a.j.p.h.p.ProxyControl: Add sample Applaunch-26 into controller Applaunch
2024-11-08 11:26:19,523 INFO o.a.j.p.h.p.ProxyControl: Add sample Applaunch-28 into controller Applaunch
2024-11-08 11:26:19,621 INFO o.a.j.p.h.p.ProxyControl: Add sample Applaunch-29 into controller Applaunch
2024-11-08 11:26:20,230 INFO o.a.j.p.h.p.Proxy: [60734]  KeyStore for SSL loaded OK and put host 'browser.events.data.microsoft.com' in map with key (browser.events.data.microsoft.com)
2024-11-08 11:26:20,629 INFO o.a.j.p.h.p.ProxyControl: Add sample Applaunch-31 into controller Applaunch
2024-11-08 11:26:20,640 INFO o.a.j.p.h.p.ProxyControl: Add sample Applaunch-30 into controller Applaunch
2024-11-08 11:26:21,265 INFO o.a.j.p.h.p.ProxyControl: Add sample Applaunch-32 into controller Applaunch
2024-11-08 11:26:21,850 INFO o.a.j.p.h.p.ProxyControl: Add sample Applaunch-33 into controller Applaunch
2024-11-08 11:26:22,143 WARN o.a.j.p.h.p.Proxy: [60748]  Empty response to http over SSL. Probably waiting for user to authorize the certificate for us-v10c.events.data.microsoft.com:443
2024-11-08 11:26:23,333 INFO o.a.j.p.h.p.Proxy: [60692]  KeyStore for SSL loaded OK and put host 'array516.prod.do.dsp.mp.microsoft.com' in map with key (array516.prod.do.dsp.mp.microsoft.com)
2024-11-08 11:26:23,334 WARN o.a.j.p.h.p.Proxy: [60692]  Problem with SSL certificate for url  for 'array516.prod.do.dsp.mp.microsoft.com'? Ensure browser is set to accept the JMeter proxy cert: Connection reset
2024-11-08 11:26:23,638 WARN o.a.j.p.h.p.Proxy: [56487]  Empty response to http over SSL. Probably waiting for user to authorize the certificate for aadcdn.msauth.net:443
2024-11-08 11:26:23,992 INFO o.a.j.p.h.p.ProxyControl: Add sample Applaunch-34 into controller Applaunch
2024-11-08 11:26:25,289 INFO o.a.j.p.h.p.ProxyControl: Add sample Applaunch-35 into controller Applaunch
2024-11-08 11:26:25,520 INFO o.a.j.p.h.p.ProxyControl: Add sample Applaunch-36 into controller Applaunch
2024-11-08 11:26:25,739 INFO o.a.j.p.h.p.Proxy: [60770]  KeyStore for SSL loaded OK and put host 'hbfuller-com.access.mcas.ms' in map with key (hbfuller-com.access.mcas.ms)
2024-11-08 11:26:26,372 INFO o.a.j.p.h.p.ProxyControl: Add sample Applaunch-38 into controller Applaunch
2024-11-08 11:26:26,400 INFO o.a.j.p.h.p.ProxyControl: Add sample Applaunch-37 into controller Applaunch
2024-11-08 11:26:26,468 INFO o.a.j.p.h.p.Proxy: [60778]  KeyStore for SSL loaded OK and put host 'safebrowsingohttpgateway.googleapis.com' in map with key (safebrowsingohttpgateway.googleapis.com)
2024-11-08 11:26:26,877 INFO o.a.j.p.h.p.ProxyControl: Add sample Applaunch-40 into controller Applaunch
2024-11-08 11:26:27,179 INFO o.a.j.p.h.p.ProxyControl: Add sample Applaunch-39 into controller Applaunch
2024-11-08 11:26:27,449 INFO o.a.j.p.h.p.ProxyControl: Add sample Applaunch-41 into controller Applaunch
2024-11-08 11:26:27,470 INFO o.a.j.p.h.p.ProxyControl: Add sample Applaunch-42 into controller Applaunch
2024-11-08 11:26:27,477 INFO o.a.j.p.h.p.ProxyControl: Add sample Applaunch-44 into controller Applaunch
2024-11-08 11:26:29,081 INFO o.a.j.p.h.p.Proxy: [60800]  KeyStore for SSL loaded OK and put host 'graph.microsoft.com' in map with key (graph.microsoft.com)
2024-11-08 11:26:29,404 INFO o.a.j.p.h.p.ProxyControl: Add sample Applaunch-47 into controller Applaunch
2024-11-08 11:26:29,415 INFO o.a.j.p.h.p.ProxyControl: Add sample Applaunch-48 into controller Applaunch
2024-11-08 11:26:29,421 INFO o.a.j.p.h.p.ProxyControl: Add sample Applaunch-49 into controller Applaunch
2024-11-08 11:26:29,608 INFO o.a.j.p.h.p.ProxyControl: Add sample Applaunch-50 into controller Applaunch
2024-11-08 11:26:30,023 INFO o.a.j.p.h.p.ProxyControl: Add sample Applaunch-43 into controller Applaunch
2024-11-08 11:26:47,166 WARN o.a.j.p.h.p.Proxy: [61396]  Empty response to http over SSL. Probably waiting for user to authorize the certificate for us-v10c.events.data.microsoft.com:443
2024-11-08 11:26:54,777 INFO o.a.j.p.h.p.Proxy: [61406]  KeyStore for SSL loaded OK and put host 'lwa-global-eastus-hbf-ai1-back.azurewebsites.net' in map with key (lwa-global-eastus-hbf-ai1-back.azurewebsites.net)
2024-11-08 11:26:55,057 INFO o.a.j.p.h.p.ProxyControl: Add sample Query1-51 into controller Query1
2024-11-08 11:27:00,985 INFO o.a.j.p.h.p.ProxyControl: Add sample Query1-52 into controller Query1
2024-11-08 11:27:05,969 INFO o.a.j.p.h.p.ProxyControl: Add sample Query1-54 into controller Query1
2024-11-08 11:27:06,752 INFO o.a.j.p.h.p.ProxyControl: Add sample Query1-55 into controller Query1
2024-11-08 11:27:13,866 INFO o.a.j.p.h.p.ProxyControl: Add sample Query2-58 into controller Query2
2024-11-08 11:27:13,919 INFO o.a.j.p.h.p.Proxy: [61439]  KeyStore for SSL loaded OK and put host 'beacons.gcp.gvt2.com' in map with key (beacons.gcp.gvt2.com)
2024-11-08 11:27:14,273 INFO o.a.j.p.h.p.ProxyControl: Add sample Query2-60 into controller Query2
2024-11-08 11:27:24,631 INFO o.a.j.p.h.p.ProxyControl: Add sample Query2-64 into controller Query2
2024-11-08 11:27:24,642 INFO o.a.j.p.h.p.ProxyControl: Add sample Query2-63 into controller Query2
2024-11-08 11:27:48,877 INFO o.a.j.p.h.p.ProxyControl: Add sample Query2-59 into controller Query2
2024-11-08 11:28:01,679 INFO o.a.j.p.h.p.ProxyControl: Add sample Query2-65 into controller Query2
2024-11-08 11:28:05,381 INFO o.a.j.p.h.p.Daemon: HTTP(S) Test Script Recorder stopped
2024-11-08 11:32:14,095 WARN o.a.j.p.h.p.Proxy: [60770]  Empty response to http over SSL. Probably waiting for user to authorize the certificate for hbfuller-com.access.mcas.ms:443
2024-11-08 11:32:14,095 WARN o.a.j.p.h.p.Proxy: [60764]  Empty response to http over SSL. Probably waiting for user to authorize the certificate for aadcdn.msauth.net:443
2024-11-08 11:32:14,096 WARN o.a.j.p.h.p.Proxy: [61432]  Empty response to http over SSL. Probably waiting for user to authorize the certificate for www.google.com:443
2024-11-08 14:53:26,364 INFO o.a.j.g.a.Load: Loading file: C:\Users\malia01\OneDrive - H.B. Fuller Company\Desktop\apache-jmeter-5.6.3\apache-jmeter-5.6.3\bin\templates\recording-with-think-time.jmx
2024-11-08 14:53:26,364 INFO o.a.j.s.SaveService: Loading file: C:\Users\malia01\OneDrive - H.B. Fuller Company\Desktop\apache-jmeter-5.6.3\apache-jmeter-5.6.3\bin\templates\recording-with-think-time.jmx
2024-11-08 14:53:33,915 INFO o.a.j.p.h.p.ProxyControl: Valid alias found for :root_ca:
2024-11-08 14:53:33,915 INFO o.a.j.p.h.p.ProxyControl: Valid alias found for :intermediate_ca:
2024-11-08 14:53:33,957 INFO o.a.j.p.h.p.Daemon: Creating Daemon Socket on port: 9090
2024-11-08 14:53:33,961 INFO o.a.j.p.h.p.Daemon: Test Script Recorder up and running!
2024-11-08 14:53:34,292 INFO o.a.j.p.h.p.Proxy: [58866]  KeyStore for SSL loaded OK and put host 'teams.events.data.microsoft.com' in map with key (teams.events.data.microsoft.com)
2024-11-08 14:53:34,741 INFO o.a.j.p.h.p.ProxyControl: Add sample -66 into controller 
2024-11-08 14:53:38,236 INFO o.a.j.p.h.p.ProxyControl: [58875]  Creating entry petstore.octoperf.com in C:\Users\malia01\OneDrive - H.B. Fuller Company\Desktop\apache-jmeter-5.6.3\apache-jmeter-5.6.3\bin\proxyserver.jks
2024-11-08 14:53:38,436 INFO o.a.j.p.h.p.ProxyControl: Add sample -67 into controller 
2024-11-08 14:53:38,717 INFO o.a.j.p.h.p.ProxyControl: Add sample -68 into controller 
2024-11-08 14:53:40,240 INFO o.a.j.p.h.p.Daemon: HTTP(S) Test Script Recorder stopped
2024-11-08 14:53:42,836 INFO o.a.j.p.h.p.Proxy: [58875]  KeyStore for SSL loaded OK and put host 'petstore.octoperf.com' in map with key (petstore.octoperf.com)
2024-11-08 14:53:55,918 INFO o.a.j.p.h.p.ProxyControl: Valid alias found for :root_ca:
2024-11-08 14:53:55,918 INFO o.a.j.p.h.p.ProxyControl: Valid alias found for :intermediate_ca:
2024-11-08 14:53:55,920 INFO o.a.j.p.h.p.Daemon: Creating Daemon Socket on port: 9090
2024-11-08 14:53:55,922 INFO o.a.j.p.h.p.Daemon: Test Script Recorder up and running!
2024-11-08 14:53:56,125 INFO o.a.j.p.h.p.ProxyControl: Add sample -69 into controller 
2024-11-08 14:53:56,805 INFO o.a.j.p.h.p.Proxy: [58965]  KeyStore for SSL loaded OK and put host 'content-autofill.googleapis.com' in map with key (content-autofill.googleapis.com)
2024-11-08 14:53:57,168 INFO o.a.j.p.h.p.ProxyControl: Add sample -73 into controller 
2024-11-08 14:53:57,389 INFO o.a.j.p.h.p.ProxyControl: Add sample -72 into controller 
2024-11-08 14:53:58,000 INFO o.a.j.p.h.p.ProxyControl: Add sample -74 into controller 
2024-11-08 14:54:05,822 INFO o.a.j.p.h.p.ProxyControl: Add sample Petstore-75 into controller Petstore
2024-11-08 14:54:15,153 INFO o.a.j.p.h.p.Proxy: [59006]  KeyStore for SSL loaded OK and put host 'config.teams.microsoft.com' in map with key (config.teams.microsoft.com)
2024-11-08 14:54:15,560 INFO o.a.j.p.h.p.ProxyControl: Add sample EnterPetstoreurl-76 into controller EnterPetstoreurl
2024-11-08 14:54:16,910 INFO o.a.j.p.h.p.ProxyControl: Add sample EnterPetstoreurl-77 into controller EnterPetstoreurl
2024-11-08 14:54:18,818 INFO o.a.j.p.h.p.Proxy: [59016]  KeyStore for SSL loaded OK and put host 'google.com' in map with key (google.com)
2024-11-08 14:54:18,858 INFO o.a.j.p.h.p.ProxyControl: Add sample EnterPetstoreurl-78 into controller EnterPetstoreurl
2024-11-08 14:54:19,266 INFO o.a.j.p.h.p.ProxyControl: Add sample EnterPetstoreurl-79 into controller EnterPetstoreurl
2024-11-08 14:54:19,854 INFO o.a.j.p.h.p.ProxyControl: Add sample -80 into controller EnterPetstoreurl
2024-11-08 14:54:20,320 INFO o.a.j.p.h.p.ProxyControl: Add sample EnterPetstoreurl-81 into controller EnterPetstoreurl
2024-11-08 14:54:21,976 INFO o.a.j.p.h.p.Proxy: [59048]  KeyStore for SSL loaded OK and put host 'teams.microsoft.com' in map with key (teams.microsoft.com)
2024-11-08 14:54:22,214 INFO o.a.j.p.h.p.ProxyControl: Add sample EnterPetstoreurl-95 into controller EnterPetstoreurl
2024-11-08 14:54:22,964 INFO o.a.j.p.h.p.ProxyControl: Add sample EnterPetstoreurl-96 into controller EnterPetstoreurl
2024-11-08 14:54:22,980 INFO o.a.j.p.h.p.ProxyControl: Add sample EnterPetstoreurl-97 into controller EnterPetstoreurl
2024-11-08 14:54:23,185 INFO o.a.j.p.h.p.ProxyControl: Add sample EnterPetstoreurl-98 into controller EnterPetstoreurl
2024-11-08 14:54:23,396 INFO o.a.j.p.h.p.ProxyControl: Add sample EnterPetstoreurl-99 into controller EnterPetstoreurl
2024-11-08 14:54:30,874 INFO o.a.j.p.h.p.ProxyControl: Add sample SignIn-100 into controller SignIn
2024-11-08 14:54:31,270 INFO o.a.j.p.h.p.ProxyControl: Add sample SignIn-101 into controller SignIn
2024-11-08 14:54:32,109 INFO o.a.j.p.h.p.ProxyControl: Add sample SignIn-102 into controller SignIn
2024-11-08 14:54:35,468 INFO o.a.j.p.h.p.ProxyControl: Add sample SignIn-103 into controller SignIn
2024-11-08 14:54:38,764 INFO o.a.j.p.h.p.ProxyControl: Add sample SignIn-104 into controller SignIn
2024-11-08 14:54:39,188 INFO o.a.j.p.h.p.ProxyControl: Add sample SignIn-105 into controller SignIn
2024-11-08 14:54:39,668 INFO o.a.j.p.h.p.Proxy: [59094]  KeyStore for SSL loaded OK and put host 'passwordsleakcheck-pa.googleapis.com' in map with key (passwordsleakcheck-pa.googleapis.com)
2024-11-08 14:54:40,027 INFO o.a.j.p.h.p.ProxyControl: Add sample SignIn-107 into controller SignIn
2024-11-08 14:54:48,859 INFO o.a.j.p.h.p.ProxyControl: Add sample selectFish-108 into controller selectFish
2024-11-08 14:54:52,408 INFO o.a.j.p.h.p.Proxy: [59114]  KeyStore for SSL loaded OK and put host 'edge.microsoft.com' in map with key (edge.microsoft.com)
2024-11-08 14:54:52,631 INFO o.a.j.p.h.p.ProxyControl: Add sample selectFish-109 into controller selectFish
2024-11-08 14:54:52,941 INFO o.a.j.p.h.p.Proxy: [59118]  KeyStore for SSL loaded OK and put host 'assets.msn.com' in map with key (assets.msn.com)
2024-11-08 14:54:53,265 INFO o.a.j.p.h.p.ProxyControl: Add sample selectFish-110 into controller selectFish
2024-11-08 14:54:53,670 INFO o.a.j.p.h.p.ProxyControl: Add sample selectFish-111 into controller selectFish
2024-11-08 14:55:03,146 INFO o.a.j.p.h.p.ProxyControl: Add sample selectFish-112 into controller SelectProduct
2024-11-08 14:55:12,452 INFO o.a.j.p.h.p.Proxy: [59153]  KeyStore for SSL loaded OK and put host 'mobile.events.data.microsoft.com' in map with key (mobile.events.data.microsoft.com)
2024-11-08 14:55:13,105 INFO o.a.j.p.h.p.ProxyControl: Add sample AddtoCart-113 into controller AddtoCart
2024-11-08 14:55:19,975 INFO o.a.j.p.h.p.ProxyControl: Add sample SelectProduct-114 into controller AddtoCart
2024-11-08 14:55:20,202 INFO o.a.j.p.h.p.ProxyControl: Add sample AddtoCart-115 into controller AddtoCart
2024-11-08 14:55:20,296 INFO o.a.j.p.h.p.ProxyControl: Add sample AddtoCart-116 into controller AddtoCart
2024-11-08 14:55:44,523 WARN o.a.j.p.h.p.Proxy: [59051]  Empty response to http over SSL. Probably waiting for user to authorize the certificate for www.google.com:443
2024-11-08 14:55:45,297 INFO o.a.j.p.h.p.ProxyControl: Add sample AddtoCart-117 into controller Proceedtocheckout
2024-11-08 14:55:45,503 INFO o.a.j.p.h.p.ProxyControl: [59209]  Creating entry settings-win.data.microsoft.com in C:\Users\malia01\OneDrive - H.B. Fuller Company\Desktop\apache-jmeter-5.6.3\apache-jmeter-5.6.3\bin\proxyserver.jks
2024-11-08 14:55:45,521 INFO o.a.j.p.h.p.ProxyControl: Add sample Proceedtocheckout-118 into controller Proceedtocheckout
2024-11-08 14:55:49,344 INFO o.a.j.p.h.p.Proxy: [55265]  KeyStore for SSL loaded OK and put host 'go.trouter.teams.microsoft.com' in map with key (go.trouter.teams.microsoft.com)
2024-11-08 14:55:49,650 INFO o.a.j.p.h.p.ProxyControl: Add sample Proceedtocheckout-119 into controller Proceedtocheckout
2024-11-08 14:55:51,164 INFO o.a.j.p.h.p.Proxy: [59209]  KeyStore for SSL loaded OK and put host 'settings-win.data.microsoft.com' in map with key (settings-win.data.microsoft.com)
2024-11-08 14:55:51,266 WARN o.a.j.p.h.p.Proxy: [59209]  Empty response to http over SSL. Probably waiting for user to authorize the certificate for settings-win.data.microsoft.com:443
2024-11-08 14:56:09,763 INFO o.a.j.p.h.p.ProxyControl: Add sample Continue-121 into controller Continue
2024-11-08 14:56:10,587 INFO o.a.j.p.h.p.ProxyControl: Add sample Proceedtocheckout-122 into controller Continue
2024-11-08 14:56:15,578 INFO o.a.j.p.h.p.ProxyControl: Add sample Confir-123 into controller Confirm
2024-11-08 14:56:19,448 INFO o.a.j.p.h.p.ProxyControl: Add sample Continue-124 into controller Confirm
2024-11-08 14:56:32,482 INFO o.a.j.p.h.p.ProxyControl: Add sample Confirm-125 into controller SignOut
2024-11-08 14:56:32,885 INFO o.a.j.p.h.p.ProxyControl: Add sample SignOut-126 into controller SignOut
2024-11-08 14:56:37,014 INFO o.a.j.p.h.p.Daemon: HTTP(S) Test Script Recorder stopped
2024-11-08 15:00:51,671 WARN o.a.j.p.h.v.RequestViewHTTP: Error decoding query, maybe your request parameters should be encoded:?	?%?y
java.lang.IllegalArgumentException: URLDecoder: Illegal hex characters in escape (%) pattern - For input string: "?y"
	at java.net.URLDecoder.decode(Unknown Source) ~[?:1.8.0_431]
	at org.apache.jmeter.protocol.http.visualizers.RequestViewHTTP.decodeQuery(RequestViewHTTP.java:341) [ApacheJMeter_http.jar:5.6.3]
	at org.apache.jmeter.protocol.http.visualizers.RequestViewHTTP.getQueryMap(RequestViewHTTP.java:296) [ApacheJMeter_http.jar:5.6.3]
	at org.apache.jmeter.protocol.http.visualizers.RequestViewHTTP.setSamplerResult(RequestViewHTTP.java:219) [ApacheJMeter_http.jar:5.6.3]
	at org.apache.jmeter.visualizers.RequestPanel.setSamplerResult(RequestPanel.java:101) [ApacheJMeter_components.jar:5.6.3]
	at org.apache.jmeter.visualizers.SamplerResultTab.setupTabPane(SamplerResultTab.java:256) [ApacheJMeter_components.jar:5.6.3]
	at org.apache.jmeter.visualizers.ViewResultsFullVisualizer.valueChanged(ViewResultsFullVisualizer.java:395) [ApacheJMeter_components.jar:5.6.3]
	at org.apache.jmeter.visualizers.ViewResultsFullVisualizer.valueChanged(ViewResultsFullVisualizer.java:373) [ApacheJMeter_components.jar:5.6.3]
	at javax.swing.JTree.fireValueChanged(Unknown Source) [?:1.8.0_431]
	at javax.swing.JTree$TreeSelectionRedirector.valueChanged(Unknown Source) [?:1.8.0_431]
	at javax.swing.tree.DefaultTreeSelectionModel.fireValueChanged(Unknown Source) [?:1.8.0_431]
	at javax.swing.tree.DefaultTreeSelectionModel.notifyPathChange(Unknown Source) [?:1.8.0_431]
	at javax.swing.tree.DefaultTreeSelectionModel.setSelectionPaths(Unknown Source) [?:1.8.0_431]
	at javax.swing.tree.DefaultTreeSelectionModel.setSelectionPath(Unknown Source) [?:1.8.0_431]
	at javax.swing.JTree.setSelectionPath(Unknown Source) [?:1.8.0_431]
	at javax.swing.plaf.basic.BasicTreeUI.selectPathForEvent(Unknown Source) [?:1.8.0_431]
	at com.github.weisj.darklaf.ui.tree.DarkTreeUI.access$700(DarkTreeUI.java:55) [darklaf-core-2.7.3.jar:2.7.3]
	at com.github.weisj.darklaf.ui.tree.DarkTreeUI$DarkTreeMouseListener.handle(DarkTreeUI.java:858) [darklaf-core-2.7.3.jar:2.7.3]
	at com.github.weisj.darklaf.ui.tree.DarkTreeUI$DarkTreeMouseListener.mousePressed(DarkTreeUI.java:830) [darklaf-core-2.7.3.jar:2.7.3]
	at java.awt.AWTEventMulticaster.mousePressed(Unknown Source) [?:1.8.0_431]
	at java.awt.Component.processMouseEvent(Unknown Source) [?:1.8.0_431]
	at javax.swing.JComponent.processMouseEvent(Unknown Source) [?:1.8.0_431]
	at java.awt.Component.processEvent(Unknown Source) [?:1.8.0_431]
	at java.awt.Container.processEvent(Unknown Source) [?:1.8.0_431]
	at java.awt.Component.dispatchEventImpl(Unknown Source) [?:1.8.0_431]
	at java.awt.Container.dispatchEventImpl(Unknown Source) [?:1.8.0_431]
	at java.awt.Component.dispatchEvent(Unknown Source) [?:1.8.0_431]
	at java.awt.LightweightDispatcher.retargetMouseEvent(Unknown Source) [?:1.8.0_431]
	at java.awt.LightweightDispatcher.processMouseEvent(Unknown Source) [?:1.8.0_431]
	at java.awt.LightweightDispatcher.dispatchEvent(Unknown Source) [?:1.8.0_431]
	at java.awt.Container.dispatchEventImpl(Unknown Source) [?:1.8.0_431]
	at java.awt.Window.dispatchEventImpl(Unknown Source) [?:1.8.0_431]
	at java.awt.Component.dispatchEvent(Unknown Source) [?:1.8.0_431]
	at java.awt.EventQueue.dispatchEventImpl(Unknown Source) [?:1.8.0_431]
	at java.awt.EventQueue.access$500(Unknown Source) [?:1.8.0_431]
	at java.awt.EventQueue$3.run(Unknown Source) [?:1.8.0_431]
	at java.awt.EventQueue$3.run(Unknown Source) [?:1.8.0_431]
	at java.security.AccessController.doPrivileged(Native Method) ~[?:1.8.0_431]
	at java.security.ProtectionDomain$JavaSecurityAccessImpl.doIntersectionPrivilege(Unknown Source) [?:1.8.0_431]
	at java.security.ProtectionDomain$JavaSecurityAccessImpl.doIntersectionPrivilege(Unknown Source) [?:1.8.0_431]
	at java.awt.EventQueue$4.run(Unknown Source) [?:1.8.0_431]
	at java.awt.EventQueue$4.run(Unknown Source) [?:1.8.0_431]
	at java.security.AccessController.doPrivileged(Native Method) ~[?:1.8.0_431]
	at java.security.ProtectionDomain$JavaSecurityAccessImpl.doIntersectionPrivilege(Unknown Source) [?:1.8.0_431]
	at java.awt.EventQueue.dispatchEvent(Unknown Source) [?:1.8.0_431]
	at java.awt.EventDispatchThread.pumpOneEventForFilters(Unknown Source) [?:1.8.0_431]
	at java.awt.EventDispatchThread.pumpEventsForFilter(Unknown Source) [?:1.8.0_431]
	at java.awt.EventDispatchThread.pumpEventsForHierarchy(Unknown Source) [?:1.8.0_431]
	at java.awt.EventDispatchThread.pumpEvents(Unknown Source) [?:1.8.0_431]
	at java.awt.EventDispatchThread.pumpEvents(Unknown Source) [?:1.8.0_431]
	at java.awt.EventDispatchThread.run(Unknown Source) [?:1.8.0_431]
2024-11-08 15:01:19,860 INFO o.a.j.s.FileServer: Set new base='C:\Users\malia01\OneDrive - H.B. Fuller Company\Desktop\apache-jmeter-5.6.3\apache-jmeter-5.6.3\TestDemo'
2024-11-08 15:01:19,923 INFO o.a.j.e.StandardJMeterEngine: Running the test!
2024-11-08 15:01:19,923 INFO o.a.j.s.SampleEvent: List of sample_variables: []
2024-11-08 15:01:19,931 INFO o.a.j.g.u.JMeterMenuBar: setRunning(true, *local*)
2024-11-08 15:01:20,270 INFO o.a.j.e.StandardJMeterEngine: Starting ThreadGroup: 1 : Thread Group
2024-11-08 15:01:20,270 INFO o.a.j.e.StandardJMeterEngine: Starting 1 threads for group Thread Group.
2024-11-08 15:01:20,270 INFO o.a.j.e.StandardJMeterEngine: Thread will continue on error
2024-11-08 15:01:20,271 INFO o.a.j.t.ThreadGroup: Starting thread group... number=1 threads=1 ramp-up=1 delayedStart=false
2024-11-08 15:01:20,276 INFO o.a.j.t.ThreadGroup: Started thread group number 1
2024-11-08 15:01:20,276 INFO o.a.j.e.StandardJMeterEngine: All thread groups have been started
2024-11-08 15:01:20,278 INFO o.a.j.t.JMeterThread: Thread started: Thread Group 1-1
2024-11-08 15:02:33,642 INFO o.a.j.t.JMeterThread: Thread is done: Thread Group 1-1
2024-11-08 15:02:33,642 INFO o.a.j.t.JMeterThread: Thread finished: Thread Group 1-1
2024-11-08 15:02:33,643 INFO o.a.j.e.StandardJMeterEngine: Notifying test listeners of end of test
2024-11-08 15:02:33,644 INFO o.a.j.g.u.JMeterMenuBar: setRunning(false, *local*)
